record size: 128B; recordPtr size: 16B; block size 1: 4000B; block size 2: 3840B; run buffer size: 256mB; merge read buffer size: 192mB; merge write buffer size: 64mB; thread num (read/sort/write): 20/20/5
====================================:
Total RUN: 9.063506
Total MERGE: 42.524407
Total: 51.587913

record size: 128B; recordPtr size: 16B; block size 1: 4000B; block size 2: 3840B; run buffer size: 256mB; merge read buffer size: 192mB; merge write buffer size: 64mB; thread num (read/sort/write): 20/20/5
====================================:
Total RUN: 9.188859
Total MERGE: 42.649064
Total: 51.837923

record size: 128B; recordPtr size: 16B; block size 1: 4000B; block size 2: 3840B; run buffer size: 256mB; merge read buffer size: 192mB; merge write buffer size: 64mB; thread num (read/sort/write): 20/20/5
====================================:
Total RUN: 8.920162
Total MERGE: 42.476330
Total: 51.396492

record size: 128B; recordPtr size: 16B; block size 1: 4000B; block size 2: 3840B; run buffer size: 256mB; merge read buffer size: 192mB; merge write buffer size: 64mB; thread num (read/sort/write): 20/20/5
====================================:
Total RUN: 9.131277
Total MERGE: 42.535688
Total: 51.666965

record size: 128B; recordPtr size: 16B; block size 1: 4000B; block size 2: 3840B; run buffer size: 256mB; merge read buffer size: 192mB; merge write buffer size: 64mB; thread num (read/sort/write): 20/20/5
====================================:
Total RUN: 9.036548
Total MERGE: 42.434475
Total: 51.471024

record size: 128B; recordPtr size: 16B; block size 1: 4000B; block size 2: 3840B; run buffer size: 256mB; merge read buffer size: 192mB; merge write buffer size: 64mB; thread num (read/sort/write): 20/20/5
====================================:
Total RUN: 8.961681
Total MERGE: 42.487388
Total: 51.449069

record size: 128B; recordPtr size: 16B; block size 1: 4000B; block size 2: 3840B; run buffer size: 256mB; merge read buffer size: 192mB; merge write buffer size: 64mB; thread num (read/sort/write): 20/20/5
====================================:
Total RUN: 9.283013
Total MERGE: 42.339106
Total: 51.622119

record size: 128B; recordPtr size: 16B; block size 1: 4000B; block size 2: 3840B; run buffer size: 256mB; merge read buffer size: 192mB; merge write buffer size: 64mB; thread num (read/sort/write): 20/20/5
====================================:
Total RUN: 9.146329
Total MERGE: 42.234870
Total: 51.381198

record size: 128B; recordPtr size: 16B; block size 1: 4000B; block size 2: 3840B; run buffer size: 256mB; merge read buffer size: 192mB; merge write buffer size: 64mB; thread num (read/sort/write): 20/20/5
====================================:
Total RUN: 9.069829
Total MERGE: 42.201954
Total: 51.271784

record size: 128B; recordPtr size: 16B; block size 1: 4000B; block size 2: 3840B; run buffer size: 256mB; merge read buffer size: 192mB; merge write buffer size: 64mB; thread num (read/sort/write): 20/20/5
====================================:
Total RUN: 8.908836
Total MERGE: 42.287713
Total: 51.196549

record size: 128B; recordPtr size: 16B; block size 1: 4000B; block size 2: 3840B; run buffer size: 800mB; merge read buffer size: 600mB; merge write buffer size: 200mB; thread num (read/sort/write): 20/20/5
====================================:
Total RUN: 8.538748
Total MERGE: 29.909189
Total: 38.447936

record size: 128B; recordPtr size: 16B; block size 1: 4000B; block size 2: 3840B; run buffer size: 800mB; merge read buffer size: 600mB; merge write buffer size: 200mB; thread num (read/sort/write): 20/20/5
====================================:
Total RUN: 8.478997
Total MERGE: 29.978059
Total: 38.457056

record size: 128B; recordPtr size: 16B; block size 1: 4000B; block size 2: 3840B; run buffer size: 800mB; merge read buffer size: 600mB; merge write buffer size: 200mB; thread num (read/sort/write): 20/20/5
====================================:
Total RUN: 8.481277
Total MERGE: 29.934109
Total: 38.415386

record size: 128B; recordPtr size: 16B; block size 1: 4000B; block size 2: 3840B; run buffer size: 800mB; merge read buffer size: 600mB; merge write buffer size: 200mB; thread num (read/sort/write): 20/20/5
====================================:
Total RUN: 8.509287
Total MERGE: 30.401957
Total: 38.911244

record size: 128B; recordPtr size: 16B; block size 1: 4000B; block size 2: 3840B; run buffer size: 800mB; merge read buffer size: 600mB; merge write buffer size: 200mB; thread num (read/sort/write): 20/20/5
====================================:
Total RUN: 8.552013
Total MERGE: 30.121962
Total: 38.673975

record size: 128B; recordPtr size: 16B; block size 1: 4000B; block size 2: 3840B; run buffer size: 800mB; merge read buffer size: 600mB; merge write buffer size: 200mB; thread num (read/sort/write): 20/20/5
====================================:
Total RUN: 8.371677
Total MERGE: 29.995336
Total: 38.367013

record size: 128B; recordPtr size: 16B; block size 1: 4000B; block size 2: 3840B; run buffer size: 800mB; merge read buffer size: 600mB; merge write buffer size: 200mB; thread num (read/sort/write): 20/20/5
====================================:
Total RUN: 8.322053
Total MERGE: 29.761455
Total: 38.083508

record size: 128B; recordPtr size: 16B; block size 1: 4000B; block size 2: 3840B; run buffer size: 800mB; merge read buffer size: 600mB; merge write buffer size: 200mB; thread num (read/sort/write): 20/20/5
====================================:
Total RUN: 8.330601
Total MERGE: 30.055189
Total: 38.385790

record size: 128B; recordPtr size: 16B; block size 1: 4000B; block size 2: 3840B; run buffer size: 800mB; merge read buffer size: 600mB; merge write buffer size: 200mB; thread num (read/sort/write): 20/20/5
====================================:
Total RUN: 8.199044
Total MERGE: 29.742532
Total: 37.941575

record size: 128B; recordPtr size: 16B; block size 1: 4000B; block size 2: 3840B; run buffer size: 800mB; merge read buffer size: 600mB; merge write buffer size: 200mB; thread num (read/sort/write): 20/20/5
====================================:
Total RUN: 8.294692
Total MERGE: 30.110719
Total: 38.405411

record size: 128B; recordPtr size: 16B; block size 1: 4000B; block size 2: 3840B; run buffer size: 1600mB; merge read buffer size: 1200mB; merge write buffer size: 400mB; thread num (read/sort/write): 20/20/5
====================================:
Total RUN: 7.781549
Total MERGE: 26.810296
Total: 34.591844

record size: 128B; recordPtr size: 16B; block size 1: 4000B; block size 2: 3840B; run buffer size: 1600mB; merge read buffer size: 1200mB; merge write buffer size: 400mB; thread num (read/sort/write): 20/20/5
====================================:
Total RUN: 7.501972
Total MERGE: 26.539283
Total: 34.041256

record size: 128B; recordPtr size: 16B; block size 1: 4000B; block size 2: 3840B; run buffer size: 1600mB; merge read buffer size: 1200mB; merge write buffer size: 400mB; thread num (read/sort/write): 20/20/5
====================================:
Total RUN: 7.601468
Total MERGE: 26.178593
Total: 33.780061

record size: 128B; recordPtr size: 16B; block size 1: 4000B; block size 2: 3840B; run buffer size: 1600mB; merge read buffer size: 1200mB; merge write buffer size: 400mB; thread num (read/sort/write): 20/20/5
====================================:
Total RUN: 7.699064
Total MERGE: 26.690657
Total: 34.389722

record size: 128B; recordPtr size: 16B; block size 1: 4000B; block size 2: 3840B; run buffer size: 1600mB; merge read buffer size: 1200mB; merge write buffer size: 400mB; thread num (read/sort/write): 20/20/5
====================================:
Total RUN: 7.368234
Total MERGE: 27.654888
Total: 35.023123

record size: 128B; recordPtr size: 16B; block size 1: 4000B; block size 2: 3840B; run buffer size: 1600mB; merge read buffer size: 1200mB; merge write buffer size: 400mB; thread num (read/sort/write): 20/20/5
====================================:
Total RUN: 7.473588
Total MERGE: 26.957505
Total: 34.431092

record size: 128B; recordPtr size: 16B; block size 1: 4000B; block size 2: 3840B; run buffer size: 1600mB; merge read buffer size: 1200mB; merge write buffer size: 400mB; thread num (read/sort/write): 20/20/5
====================================:
Total RUN: 7.682957
Total MERGE: 26.773509
Total: 34.456466

record size: 128B; recordPtr size: 16B; block size 1: 4000B; block size 2: 3840B; run buffer size: 1600mB; merge read buffer size: 1200mB; merge write buffer size: 400mB; thread num (read/sort/write): 20/20/5
====================================:
Total RUN: 7.861023
Total MERGE: 26.771426
Total: 34.632449

record size: 128B; recordPtr size: 16B; block size 1: 4000B; block size 2: 3840B; run buffer size: 1600mB; merge read buffer size: 1200mB; merge write buffer size: 400mB; thread num (read/sort/write): 20/20/5
====================================:
Total RUN: 7.488141
Total MERGE: 26.220571
Total: 33.708712

record size: 128B; recordPtr size: 16B; block size 1: 4000B; block size 2: 3840B; run buffer size: 1600mB; merge read buffer size: 1200mB; merge write buffer size: 400mB; thread num (read/sort/write): 20/20/5
====================================:
Total RUN: 7.768705
Total MERGE: 26.626793
Total: 34.395497

record size: 128B; recordPtr size: 16B; block size 1: 4000B; block size 2: 3840B; run buffer size: 3200mB; merge read buffer size: 2400mB; merge write buffer size: 800mB; thread num (read/sort/write): 20/20/5
====================================:
Total RUN: 7.332270
Total MERGE: 25.050685
Total: 32.382955

record size: 128B; recordPtr size: 16B; block size 1: 4000B; block size 2: 3840B; run buffer size: 3200mB; merge read buffer size: 2400mB; merge write buffer size: 800mB; thread num (read/sort/write): 20/20/5
====================================:
Total RUN: 7.199983
Total MERGE: 24.958286
Total: 32.158269

record size: 128B; recordPtr size: 16B; block size 1: 4000B; block size 2: 3840B; run buffer size: 3200mB; merge read buffer size: 2400mB; merge write buffer size: 800mB; thread num (read/sort/write): 20/20/5
====================================:
Total RUN: 7.598767
Total MERGE: 24.807727
Total: 32.406494

record size: 128B; recordPtr size: 16B; block size 1: 4000B; block size 2: 3840B; run buffer size: 3200mB; merge read buffer size: 2400mB; merge write buffer size: 800mB; thread num (read/sort/write): 20/20/5
====================================:
Total RUN: 7.114020
Total MERGE: 24.925149
Total: 32.039169

record size: 128B; recordPtr size: 16B; block size 1: 4000B; block size 2: 3840B; run buffer size: 3200mB; merge read buffer size: 2400mB; merge write buffer size: 800mB; thread num (read/sort/write): 20/20/5
====================================:
Total RUN: 7.147941
Total MERGE: 25.162341
Total: 32.310282

record size: 128B; recordPtr size: 16B; block size 1: 4000B; block size 2: 3840B; run buffer size: 3200mB; merge read buffer size: 2400mB; merge write buffer size: 800mB; thread num (read/sort/write): 20/20/5
====================================:
Total RUN: 7.078165
Total MERGE: 25.098651
Total: 32.176815

record size: 128B; recordPtr size: 16B; block size 1: 4000B; block size 2: 3840B; run buffer size: 3200mB; merge read buffer size: 2400mB; merge write buffer size: 800mB; thread num (read/sort/write): 20/20/5
====================================:
Total RUN: 7.130339
Total MERGE: 25.882290
Total: 33.012629

record size: 128B; recordPtr size: 16B; block size 1: 4000B; block size 2: 3840B; run buffer size: 3200mB; merge read buffer size: 2400mB; merge write buffer size: 800mB; thread num (read/sort/write): 20/20/5
====================================:
Total RUN: 7.295148
Total MERGE: 25.670046
Total: 32.965195

record size: 128B; recordPtr size: 16B; block size 1: 4000B; block size 2: 3840B; run buffer size: 3200mB; merge read buffer size: 2400mB; merge write buffer size: 800mB; thread num (read/sort/write): 20/20/5
====================================:
Total RUN: 7.358097
Total MERGE: 25.634797
Total: 32.992894

record size: 128B; recordPtr size: 16B; block size 1: 4000B; block size 2: 3840B; run buffer size: 3200mB; merge read buffer size: 2400mB; merge write buffer size: 800mB; thread num (read/sort/write): 20/20/5
====================================:
Total RUN: 7.241355
Total MERGE: 25.686250
Total: 32.927605

