record size: 128B; recordPtr size: 16B; block size 1: 4000B; block size 2: 3840B; run buffer size: 256mB; merge read buffer size: 192mB; merge write buffer size: 64mB; thread num (read/sort/write): 20/20/5
====================================:
Total RUN: 7.894587
Total MERGE: 36.796757
Total: 44.691344

record size: 128B; recordPtr size: 16B; block size 1: 4000B; block size 2: 3840B; run buffer size: 256mB; merge read buffer size: 192mB; merge write buffer size: 64mB; thread num (read/sort/write): 20/20/5
====================================:
Total RUN: 7.837133
Total MERGE: 36.803636
Total: 44.640769

record size: 128B; recordPtr size: 16B; block size 1: 4000B; block size 2: 3840B; run buffer size: 256mB; merge read buffer size: 192mB; merge write buffer size: 64mB; thread num (read/sort/write): 20/20/5
====================================:
Total RUN: 8.000789
Total MERGE: 37.024419
Total: 45.025208

record size: 128B; recordPtr size: 16B; block size 1: 4000B; block size 2: 3840B; run buffer size: 256mB; merge read buffer size: 192mB; merge write buffer size: 64mB; thread num (read/sort/write): 20/20/5
====================================:
Total RUN: 8.704815
Total MERGE: 37.888395
Total: 46.593209

record size: 128B; recordPtr size: 16B; block size 1: 4000B; block size 2: 3840B; run buffer size: 256mB; merge read buffer size: 192mB; merge write buffer size: 64mB; thread num (read/sort/write): 20/20/5
====================================:
Total RUN: 8.113536
Total MERGE: 37.350205
Total: 45.463740

record size: 128B; recordPtr size: 16B; block size 1: 4000B; block size 2: 3840B; run buffer size: 256mB; merge read buffer size: 192mB; merge write buffer size: 64mB; thread num (read/sort/write): 20/20/5
====================================:
Total RUN: 8.039601
Total MERGE: 37.408691
Total: 45.448293

record size: 128B; recordPtr size: 16B; block size 1: 4000B; block size 2: 3840B; run buffer size: 256mB; merge read buffer size: 192mB; merge write buffer size: 64mB; thread num (read/sort/write): 20/20/5
====================================:
Total RUN: 7.814583
Total MERGE: 36.918732
Total: 44.733315

record size: 128B; recordPtr size: 16B; block size 1: 4000B; block size 2: 3840B; run buffer size: 256mB; merge read buffer size: 192mB; merge write buffer size: 64mB; thread num (read/sort/write): 20/20/5
====================================:
Total RUN: 7.707377
Total MERGE: 37.489099
Total: 45.196475

record size: 128B; recordPtr size: 16B; block size 1: 4000B; block size 2: 3840B; run buffer size: 256mB; merge read buffer size: 192mB; merge write buffer size: 64mB; thread num (read/sort/write): 20/20/5
====================================:
Total RUN: 8.400969
Total MERGE: 36.694016
Total: 45.094985

record size: 128B; recordPtr size: 16B; block size 1: 4000B; block size 2: 3840B; run buffer size: 256mB; merge read buffer size: 192mB; merge write buffer size: 64mB; thread num (read/sort/write): 20/20/5
====================================:
Total RUN: 7.922657
Total MERGE: 37.126674
Total: 45.049331

record size: 128B; recordPtr size: 16B; block size 1: 4000B; block size 2: 3840B; run buffer size: 800mB; merge read buffer size: 600mB; merge write buffer size: 200mB; thread num (read/sort/write): 20/20/5
====================================:
Total RUN: 7.824351
Total MERGE: 26.720704
Total: 34.545055

record size: 128B; recordPtr size: 16B; block size 1: 4000B; block size 2: 3840B; run buffer size: 800mB; merge read buffer size: 600mB; merge write buffer size: 200mB; thread num (read/sort/write): 20/20/5
====================================:
Total RUN: 7.298013
Total MERGE: 26.711137
Total: 34.009150

record size: 128B; recordPtr size: 16B; block size 1: 4000B; block size 2: 3840B; run buffer size: 800mB; merge read buffer size: 600mB; merge write buffer size: 200mB; thread num (read/sort/write): 20/20/5
====================================:
Total RUN: 7.780968
Total MERGE: 26.932408
Total: 34.713375

record size: 128B; recordPtr size: 16B; block size 1: 4000B; block size 2: 3840B; run buffer size: 800mB; merge read buffer size: 600mB; merge write buffer size: 200mB; thread num (read/sort/write): 20/20/5
====================================:
Total RUN: 7.256343
Total MERGE: 26.301813
Total: 33.558156

record size: 128B; recordPtr size: 16B; block size 1: 4000B; block size 2: 3840B; run buffer size: 800mB; merge read buffer size: 600mB; merge write buffer size: 200mB; thread num (read/sort/write): 20/20/5
====================================:
Total RUN: 7.705638
Total MERGE: 26.465270
Total: 34.170908

record size: 128B; recordPtr size: 16B; block size 1: 4000B; block size 2: 3840B; run buffer size: 800mB; merge read buffer size: 600mB; merge write buffer size: 200mB; thread num (read/sort/write): 20/20/5
====================================:
Total RUN: 7.467314
Total MERGE: 26.460347
Total: 33.927660

record size: 128B; recordPtr size: 16B; block size 1: 4000B; block size 2: 3840B; run buffer size: 800mB; merge read buffer size: 600mB; merge write buffer size: 200mB; thread num (read/sort/write): 20/20/5
====================================:
Total RUN: 7.562776
Total MERGE: 26.426146
Total: 33.988922

record size: 128B; recordPtr size: 16B; block size 1: 4000B; block size 2: 3840B; run buffer size: 800mB; merge read buffer size: 600mB; merge write buffer size: 200mB; thread num (read/sort/write): 20/20/5
====================================:
Total RUN: 7.777527
Total MERGE: 26.717867
Total: 34.495394

record size: 128B; recordPtr size: 16B; block size 1: 4000B; block size 2: 3840B; run buffer size: 800mB; merge read buffer size: 600mB; merge write buffer size: 200mB; thread num (read/sort/write): 20/20/5
====================================:
Total RUN: 7.818314
Total MERGE: 26.783259
Total: 34.601573

record size: 128B; recordPtr size: 16B; block size 1: 4000B; block size 2: 3840B; run buffer size: 800mB; merge read buffer size: 600mB; merge write buffer size: 200mB; thread num (read/sort/write): 20/20/5
====================================:
Total RUN: 7.307280
Total MERGE: 26.335831
Total: 33.643111

record size: 128B; recordPtr size: 16B; block size 1: 4000B; block size 2: 3840B; run buffer size: 1600mB; merge read buffer size: 1200mB; merge write buffer size: 400mB; thread num (read/sort/write): 20/20/5
====================================:
Total RUN: 8.007733
Total MERGE: 24.791916
Total: 32.799649

record size: 128B; recordPtr size: 16B; block size 1: 4000B; block size 2: 3840B; run buffer size: 1600mB; merge read buffer size: 1200mB; merge write buffer size: 400mB; thread num (read/sort/write): 20/20/5
====================================:
Total RUN: 7.911192
Total MERGE: 25.013598
Total: 32.924790

record size: 128B; recordPtr size: 16B; block size 1: 4000B; block size 2: 3840B; run buffer size: 1600mB; merge read buffer size: 1200mB; merge write buffer size: 400mB; thread num (read/sort/write): 20/20/5
====================================:
Total RUN: 7.887642
Total MERGE: 24.497996
Total: 32.385638

record size: 128B; recordPtr size: 16B; block size 1: 4000B; block size 2: 3840B; run buffer size: 1600mB; merge read buffer size: 1200mB; merge write buffer size: 400mB; thread num (read/sort/write): 20/20/5
====================================:
Total RUN: 7.811293
Total MERGE: 25.013316
Total: 32.824609

record size: 128B; recordPtr size: 16B; block size 1: 4000B; block size 2: 3840B; run buffer size: 1600mB; merge read buffer size: 1200mB; merge write buffer size: 400mB; thread num (read/sort/write): 20/20/5
====================================:
Total RUN: 7.495478
Total MERGE: 24.662394
Total: 32.157871

record size: 128B; recordPtr size: 16B; block size 1: 4000B; block size 2: 3840B; run buffer size: 1600mB; merge read buffer size: 1200mB; merge write buffer size: 400mB; thread num (read/sort/write): 20/20/5
====================================:
Total RUN: 7.173855
Total MERGE: 24.646526
Total: 31.820381

record size: 128B; recordPtr size: 16B; block size 1: 4000B; block size 2: 3840B; run buffer size: 1600mB; merge read buffer size: 1200mB; merge write buffer size: 400mB; thread num (read/sort/write): 20/20/5
====================================:
Total RUN: 8.142589
Total MERGE: 24.768499
Total: 32.911087

record size: 128B; recordPtr size: 16B; block size 1: 4000B; block size 2: 3840B; run buffer size: 1600mB; merge read buffer size: 1200mB; merge write buffer size: 400mB; thread num (read/sort/write): 20/20/5
====================================:
Total RUN: 7.425240
Total MERGE: 25.435753
Total: 32.860993

record size: 128B; recordPtr size: 16B; block size 1: 4000B; block size 2: 3840B; run buffer size: 1600mB; merge read buffer size: 1200mB; merge write buffer size: 400mB; thread num (read/sort/write): 20/20/5
====================================:
Total RUN: 8.075242
Total MERGE: 25.883670
Total: 33.958912

record size: 128B; recordPtr size: 16B; block size 1: 4000B; block size 2: 3840B; run buffer size: 1600mB; merge read buffer size: 1200mB; merge write buffer size: 400mB; thread num (read/sort/write): 20/20/5
====================================:
Total RUN: 8.055350
Total MERGE: 25.250603
Total: 33.305952

record size: 128B; recordPtr size: 16B; block size 1: 4000B; block size 2: 3840B; run buffer size: 3200mB; merge read buffer size: 2400mB; merge write buffer size: 800mB; thread num (read/sort/write): 20/20/5
====================================:
Total RUN: 6.468007
Total MERGE: 24.034360
Total: 30.502367

record size: 128B; recordPtr size: 16B; block size 1: 4000B; block size 2: 3840B; run buffer size: 3200mB; merge read buffer size: 2400mB; merge write buffer size: 800mB; thread num (read/sort/write): 20/20/5
====================================:
Total RUN: 6.395390
Total MERGE: 24.020791
Total: 30.416180

record size: 128B; recordPtr size: 16B; block size 1: 4000B; block size 2: 3840B; run buffer size: 3200mB; merge read buffer size: 2400mB; merge write buffer size: 800mB; thread num (read/sort/write): 20/20/5
====================================:
Total RUN: 6.473484
Total MERGE: 24.126845
Total: 30.600329

record size: 128B; recordPtr size: 16B; block size 1: 4000B; block size 2: 3840B; run buffer size: 3200mB; merge read buffer size: 2400mB; merge write buffer size: 800mB; thread num (read/sort/write): 20/20/5
====================================:
Total RUN: 6.409774
Total MERGE: 23.768605
Total: 30.178379

record size: 128B; recordPtr size: 16B; block size 1: 4000B; block size 2: 3840B; run buffer size: 3200mB; merge read buffer size: 2400mB; merge write buffer size: 800mB; thread num (read/sort/write): 20/20/5
====================================:
Total RUN: 6.373429
Total MERGE: 23.788018
Total: 30.161447

record size: 128B; recordPtr size: 16B; block size 1: 4000B; block size 2: 3840B; run buffer size: 3200mB; merge read buffer size: 2400mB; merge write buffer size: 800mB; thread num (read/sort/write): 20/20/5
====================================:
Total RUN: 6.353802
Total MERGE: 23.674032
Total: 30.027835

record size: 128B; recordPtr size: 16B; block size 1: 4000B; block size 2: 3840B; run buffer size: 3200mB; merge read buffer size: 2400mB; merge write buffer size: 800mB; thread num (read/sort/write): 20/20/5
====================================:
Total RUN: 6.387772
Total MERGE: 23.795776
Total: 30.183548

record size: 128B; recordPtr size: 16B; block size 1: 4000B; block size 2: 3840B; run buffer size: 3200mB; merge read buffer size: 2400mB; merge write buffer size: 800mB; thread num (read/sort/write): 20/20/5
====================================:
Total RUN: 6.343214
Total MERGE: 23.515132
Total: 29.858346

record size: 128B; recordPtr size: 16B; block size 1: 4000B; block size 2: 3840B; run buffer size: 3200mB; merge read buffer size: 2400mB; merge write buffer size: 800mB; thread num (read/sort/write): 20/20/5
====================================:
Total RUN: 6.417352
Total MERGE: 23.683916
Total: 30.101268

record size: 128B; recordPtr size: 16B; block size 1: 4000B; block size 2: 3840B; run buffer size: 3200mB; merge read buffer size: 2400mB; merge write buffer size: 800mB; thread num (read/sort/write): 20/20/5
====================================:
Total RUN: 6.376439
Total MERGE: 23.850938
Total: 30.227377

