Record num: 400000000, Tree num: 100000, Batch size: 80, Skew type: 25, Read thread: 32, Initial thread: 16, Insert thread: 32, Traversal thread: 4, Version: 104
IPS4o kp_kv ... 
Sorting latency: 12779.160961 (ms)
Reading latency: 11295.745937 (ms)
Elements are sorted: true
 -- The first element is: 3
 -- The last element is: 4294967288

Record num: 400000000, Tree num: 100000, Batch size: 80, Skew type: 25, Read thread: 32, Initial thread: 16, Insert thread: 32, Traversal thread: 4, Version: 104
IPS4o kp_kv ... 
Sorting latency: 12877.911296 (ms)
Reading latency: 11292.912680 (ms)
Elements are sorted: true
 -- The first element is: 3
 -- The last element is: 4294967288

Record num: 400000000, Tree num: 100000, Batch size: 80, Skew type: 25, Read thread: 32, Initial thread: 16, Insert thread: 32, Traversal thread: 4, Version: 104
IPS4o kp_kv ... 
Sorting latency: 12711.897926 (ms)
Reading latency: 11263.585129 (ms)
Elements are sorted: true
 -- The first element is: 3
 -- The last element is: 4294967288

Record num: 400000000, Tree num: 100000, Batch size: 80, Skew type: 25, Read thread: 32, Initial thread: 16, Insert thread: 32, Traversal thread: 4, Version: 104
IPS4o kp_kv ... 
Sorting latency: 12532.696831 (ms)
Reading latency: 11034.857157 (ms)
Elements are sorted: true
 -- The first element is: 3
 -- The last element is: 4294967288

Record num: 400000000, Tree num: 100000, Batch size: 80, Skew type: 25, Read thread: 32, Initial thread: 16, Insert thread: 32, Traversal thread: 4, Version: 104
IPS4o kp_kv ... 
Sorting latency: 12188.551001 (ms)
Reading latency: 10817.372422 (ms)
Elements are sorted: true
 -- The first element is: 3
 -- The last element is: 4294967288

Record num: 400000000, Tree num: 100000, Batch size: 80, Skew type: 25, Read thread: 32, Initial thread: 16, Insert thread: 32, Traversal thread: 4, Version: 104
IPS4o kp_kv ... 
Sorting latency: 12168.537674 (ms)
Reading latency: 10781.348764 (ms)
Elements are sorted: true
 -- The first element is: 3
 -- The last element is: 4294967288

Record num: 400000000, Tree num: 100000, Batch size: 80, Skew type: 25, Read thread: 32, Initial thread: 16, Insert thread: 32, Traversal thread: 4, Version: 104
IPS4o kp_kv ... 
Sorting latency: 12112.109580 (ms)
Reading latency: 10845.414942 (ms)
Elements are sorted: true
 -- The first element is: 3
 -- The last element is: 4294967288

Record num: 400000000, Tree num: 100000, Batch size: 80, Skew type: 25, Read thread: 32, Initial thread: 16, Insert thread: 32, Traversal thread: 4, Version: 104
IPS4o kp_kv ... 
Sorting latency: 12077.075725 (ms)
Reading latency: 10780.724682 (ms)
Elements are sorted: true
 -- The first element is: 3
 -- The last element is: 4294967288

Record num: 400000000, Tree num: 100000, Batch size: 80, Skew type: 25, Read thread: 32, Initial thread: 16, Insert thread: 32, Traversal thread: 4, Version: 104
IPS4o kp_kv ... 
Sorting latency: 12180.441582 (ms)
Reading latency: 10804.756162 (ms)
Elements are sorted: true
 -- The first element is: 3
 -- The last element is: 4294967288

Record num: 400000000, Tree num: 100000, Batch size: 80, Skew type: 25, Read thread: 32, Initial thread: 16, Insert thread: 32, Traversal thread: 4, Version: 104
IPS4o kp_kv ... 
Sorting latency: 12220.964783 (ms)
Reading latency: 10757.131941 (ms)
Elements are sorted: true
 -- The first element is: 3
 -- The last element is: 4294967288

Record num: 400000000, Tree num: 100000, Batch size: 250, Skew type: 25, Read thread: 32, Initial thread: 16, Insert thread: 32, Traversal thread: 4, Version: 104
IPS4o kp_kv ... 
Sorting latency: 12227.959172 (ms)
Reading latency: 11326.409132 (ms)
Elements are sorted: true
 -- The first element is: 3
 -- The last element is: 4294967288

Record num: 400000000, Tree num: 100000, Batch size: 250, Skew type: 25, Read thread: 32, Initial thread: 16, Insert thread: 32, Traversal thread: 4, Version: 104
IPS4o kp_kv ... 
Sorting latency: 12249.678177 (ms)
Reading latency: 11354.185959 (ms)
Elements are sorted: true
 -- The first element is: 3
 -- The last element is: 4294967288

Record num: 400000000, Tree num: 100000, Batch size: 250, Skew type: 25, Read thread: 32, Initial thread: 16, Insert thread: 32, Traversal thread: 4, Version: 104
IPS4o kp_kv ... 
Sorting latency: 12487.851403 (ms)
Reading latency: 11342.311198 (ms)
Elements are sorted: true
 -- The first element is: 3
 -- The last element is: 4294967288

Record num: 400000000, Tree num: 100000, Batch size: 250, Skew type: 25, Read thread: 32, Initial thread: 16, Insert thread: 32, Traversal thread: 4, Version: 104
IPS4o kp_kv ... 
Sorting latency: 12240.863046 (ms)
Reading latency: 11292.578771 (ms)
Elements are sorted: true
 -- The first element is: 3
 -- The last element is: 4294967288

Record num: 400000000, Tree num: 100000, Batch size: 250, Skew type: 25, Read thread: 32, Initial thread: 16, Insert thread: 32, Traversal thread: 4, Version: 104
IPS4o kp_kv ... 
Sorting latency: 12211.983054 (ms)
Reading latency: 11239.519460 (ms)
Elements are sorted: true
 -- The first element is: 3
 -- The last element is: 4294967288

Record num: 400000000, Tree num: 100000, Batch size: 250, Skew type: 25, Read thread: 32, Initial thread: 16, Insert thread: 32, Traversal thread: 4, Version: 104
IPS4o kp_kv ... 
Sorting latency: 12268.311602 (ms)
Reading latency: 11269.411166 (ms)
Elements are sorted: true
 -- The first element is: 3
 -- The last element is: 4294967288

Record num: 400000000, Tree num: 100000, Batch size: 250, Skew type: 25, Read thread: 32, Initial thread: 16, Insert thread: 32, Traversal thread: 4, Version: 104
IPS4o kp_kv ... 
Sorting latency: 12081.865789 (ms)
Reading latency: 11280.400918 (ms)
Elements are sorted: true
 -- The first element is: 3
 -- The last element is: 4294967288

Record num: 400000000, Tree num: 100000, Batch size: 250, Skew type: 25, Read thread: 32, Initial thread: 16, Insert thread: 32, Traversal thread: 4, Version: 104
IPS4o kp_kv ... 
Sorting latency: 12191.718791 (ms)
Reading latency: 11543.628363 (ms)
Elements are sorted: true
 -- The first element is: 3
 -- The last element is: 4294967288

Record num: 400000000, Tree num: 100000, Batch size: 250, Skew type: 25, Read thread: 32, Initial thread: 16, Insert thread: 32, Traversal thread: 4, Version: 104
IPS4o kp_kv ... 
Sorting latency: 12466.840952 (ms)
Reading latency: 11108.915688 (ms)
Elements are sorted: true
 -- The first element is: 3
 -- The last element is: 4294967288

Record num: 400000000, Tree num: 100000, Batch size: 250, Skew type: 25, Read thread: 32, Initial thread: 16, Insert thread: 32, Traversal thread: 4, Version: 104
IPS4o kp_kv ... 
Sorting latency: 12213.581494 (ms)
Reading latency: 11225.244834 (ms)
Elements are sorted: true
 -- The first element is: 3
 -- The last element is: 4294967288

Record num: 400000000, Tree num: 100000, Batch size: 500, Skew type: 25, Read thread: 32, Initial thread: 16, Insert thread: 32, Traversal thread: 4, Version: 104
IPS4o kp_kv ... 
Sorting latency: 12186.156414 (ms)
Reading latency: 10649.386848 (ms)
Elements are sorted: true
 -- The first element is: 3
 -- The last element is: 4294967288

Record num: 400000000, Tree num: 100000, Batch size: 500, Skew type: 25, Read thread: 32, Initial thread: 16, Insert thread: 32, Traversal thread: 4, Version: 104
IPS4o kp_kv ... 
Sorting latency: 12188.740319 (ms)
Reading latency: 10704.431383 (ms)
Elements are sorted: true
 -- The first element is: 3
 -- The last element is: 4294967288

Record num: 400000000, Tree num: 100000, Batch size: 500, Skew type: 25, Read thread: 32, Initial thread: 16, Insert thread: 32, Traversal thread: 4, Version: 104
IPS4o kp_kv ... 
Sorting latency: 12149.575403 (ms)
Reading latency: 10698.789530 (ms)
Elements are sorted: true
 -- The first element is: 3
 -- The last element is: 4294967288

Record num: 400000000, Tree num: 100000, Batch size: 500, Skew type: 25, Read thread: 32, Initial thread: 16, Insert thread: 32, Traversal thread: 4, Version: 104
IPS4o kp_kv ... 
Sorting latency: 12275.595056 (ms)
Reading latency: 10737.214231 (ms)
Elements are sorted: true
 -- The first element is: 3
 -- The last element is: 4294967288

Record num: 400000000, Tree num: 100000, Batch size: 500, Skew type: 25, Read thread: 32, Initial thread: 16, Insert thread: 32, Traversal thread: 4, Version: 104
IPS4o kp_kv ... 
Sorting latency: 12378.418094 (ms)
Reading latency: 10971.896444 (ms)
Elements are sorted: true
 -- The first element is: 3
 -- The last element is: 4294967288

Record num: 400000000, Tree num: 100000, Batch size: 500, Skew type: 25, Read thread: 32, Initial thread: 16, Insert thread: 32, Traversal thread: 4, Version: 104
IPS4o kp_kv ... 
Sorting latency: 12370.848890 (ms)
Reading latency: 11513.864588 (ms)
Elements are sorted: true
 -- The first element is: 3
 -- The last element is: 4294967288

Record num: 400000000, Tree num: 100000, Batch size: 500, Skew type: 25, Read thread: 32, Initial thread: 16, Insert thread: 32, Traversal thread: 4, Version: 104
IPS4o kp_kv ... 
Sorting latency: 12965.148248 (ms)
Reading latency: 11161.884791 (ms)
Elements are sorted: true
 -- The first element is: 3
 -- The last element is: 4294967288

Record num: 400000000, Tree num: 100000, Batch size: 500, Skew type: 25, Read thread: 32, Initial thread: 16, Insert thread: 32, Traversal thread: 4, Version: 104
IPS4o kp_kv ... 
Sorting latency: 12319.027978 (ms)
Reading latency: 11230.841356 (ms)
Elements are sorted: true
 -- The first element is: 3
 -- The last element is: 4294967288

Record num: 400000000, Tree num: 100000, Batch size: 500, Skew type: 25, Read thread: 32, Initial thread: 16, Insert thread: 32, Traversal thread: 4, Version: 104
IPS4o kp_kv ... 
Sorting latency: 12215.492924 (ms)
Reading latency: 10943.201801 (ms)
Elements are sorted: true
 -- The first element is: 3
 -- The last element is: 4294967288

Record num: 400000000, Tree num: 100000, Batch size: 500, Skew type: 25, Read thread: 32, Initial thread: 16, Insert thread: 32, Traversal thread: 4, Version: 104
IPS4o kp_kv ... 
Sorting latency: 12155.316311 (ms)
Reading latency: 10720.227453 (ms)
Elements are sorted: true
 -- The first element is: 3
 -- The last element is: 4294967288

Record num: 400000000, Tree num: 100000, Batch size: 1000, Skew type: 25, Read thread: 32, Initial thread: 16, Insert thread: 32, Traversal thread: 4, Version: 104
IPS4o kp_kv ... 
Sorting latency: 12137.323387 (ms)
Reading latency: 10749.775461 (ms)
Elements are sorted: true
 -- The first element is: 3
 -- The last element is: 4294967288

Record num: 400000000, Tree num: 100000, Batch size: 1000, Skew type: 25, Read thread: 32, Initial thread: 16, Insert thread: 32, Traversal thread: 4, Version: 104
IPS4o kp_kv ... 
Sorting latency: 12115.027754 (ms)
Reading latency: 10740.962749 (ms)
Elements are sorted: true
 -- The first element is: 3
 -- The last element is: 4294967288

Record num: 400000000, Tree num: 100000, Batch size: 1000, Skew type: 25, Read thread: 32, Initial thread: 16, Insert thread: 32, Traversal thread: 4, Version: 104
IPS4o kp_kv ... 
Sorting latency: 12250.562000 (ms)
Reading latency: 10759.696477 (ms)
Elements are sorted: true
 -- The first element is: 3
 -- The last element is: 4294967288

Record num: 400000000, Tree num: 100000, Batch size: 1000, Skew type: 25, Read thread: 32, Initial thread: 16, Insert thread: 32, Traversal thread: 4, Version: 104
IPS4o kp_kv ... 
Sorting latency: 12185.137541 (ms)
Reading latency: 10626.329300 (ms)
Elements are sorted: true
 -- The first element is: 3
 -- The last element is: 4294967288

Record num: 400000000, Tree num: 100000, Batch size: 1000, Skew type: 25, Read thread: 32, Initial thread: 16, Insert thread: 32, Traversal thread: 4, Version: 104
IPS4o kp_kv ... 
Sorting latency: 12117.531053 (ms)
Reading latency: 10723.668352 (ms)
Elements are sorted: true
 -- The first element is: 3
 -- The last element is: 4294967288

Record num: 400000000, Tree num: 100000, Batch size: 1000, Skew type: 25, Read thread: 32, Initial thread: 16, Insert thread: 32, Traversal thread: 4, Version: 104
IPS4o kp_kv ... 
Sorting latency: 12192.924223 (ms)
Reading latency: 10695.142797 (ms)
Elements are sorted: true
 -- The first element is: 3
 -- The last element is: 4294967288

Record num: 400000000, Tree num: 100000, Batch size: 1000, Skew type: 25, Read thread: 32, Initial thread: 16, Insert thread: 32, Traversal thread: 4, Version: 104
IPS4o kp_kv ... 
Sorting latency: 12231.685191 (ms)
Reading latency: 10791.363472 (ms)
Elements are sorted: true
 -- The first element is: 3
 -- The last element is: 4294967288

Record num: 400000000, Tree num: 100000, Batch size: 1000, Skew type: 25, Read thread: 32, Initial thread: 16, Insert thread: 32, Traversal thread: 4, Version: 104
IPS4o kp_kv ... 
Sorting latency: 12622.478956 (ms)
Reading latency: 11292.316529 (ms)
Elements are sorted: true
 -- The first element is: 3
 -- The last element is: 4294967288

Record num: 400000000, Tree num: 100000, Batch size: 1000, Skew type: 25, Read thread: 32, Initial thread: 16, Insert thread: 32, Traversal thread: 4, Version: 104
IPS4o kp_kv ... 
Sorting latency: 12944.918892 (ms)
Reading latency: 11241.064989 (ms)
Elements are sorted: true
 -- The first element is: 3
 -- The last element is: 4294967288

Record num: 400000000, Tree num: 100000, Batch size: 1000, Skew type: 25, Read thread: 32, Initial thread: 16, Insert thread: 32, Traversal thread: 4, Version: 104
IPS4o kp_kv ... 
Sorting latency: 12613.738932 (ms)
Reading latency: 11148.022256 (ms)
Elements are sorted: true
 -- The first element is: 3
 -- The last element is: 4294967288

