Record num: 400000000, Tree num: 100000, Batch size: 80, Skew type: 0, Read thread: 32, Initial thread: 16, Insert thread: 32, Traversal thread: 4, Version: 7
ETSort v7...
Initialization latency: 2178.374089 (ms)
Construction latency: 12926.851209 (ms)
Traversal latency: 12120.391281 (ms)
Actual treeNum: 108971; Maximum Tree Node Num: 4001, Maximum record: 4294967295; 
avg height: 22, max height: 33

Record num: 400000000, Tree num: 100000, Batch size: 80, Skew type: 0, Read thread: 32, Initial thread: 16, Insert thread: 32, Traversal thread: 4, Version: 7
ETSort v7...
Initialization latency: 2192.379032 (ms)
Construction latency: 12962.981320 (ms)
Traversal latency: 12159.086301 (ms)
Actual treeNum: 108971; Maximum Tree Node Num: 4001, Maximum record: 4294967295; 
avg height: 22, max height: 33

Record num: 400000000, Tree num: 100000, Batch size: 80, Skew type: 0, Read thread: 32, Initial thread: 16, Insert thread: 32, Traversal thread: 4, Version: 7
ETSort v7...
Initialization latency: 2220.389364 (ms)
Construction latency: 12973.590296 (ms)
Traversal latency: 12144.433874 (ms)
Actual treeNum: 108971; Maximum Tree Node Num: 4001, Maximum record: 4294967295; 
avg height: 22, max height: 32

Record num: 400000000, Tree num: 100000, Batch size: 80, Skew type: 0, Read thread: 32, Initial thread: 16, Insert thread: 32, Traversal thread: 4, Version: 7
ETSort v7...
Initialization latency: 2191.068485 (ms)
Construction latency: 12943.802802 (ms)
Traversal latency: 12173.347270 (ms)
Actual treeNum: 108971; Maximum Tree Node Num: 4001, Maximum record: 4294967295; 
avg height: 22, max height: 33

Record num: 400000000, Tree num: 100000, Batch size: 80, Skew type: 0, Read thread: 32, Initial thread: 16, Insert thread: 32, Traversal thread: 4, Version: 7
ETSort v7...
Initialization latency: 2202.047813 (ms)
Construction latency: 12963.380016 (ms)
Traversal latency: 12126.618137 (ms)
Actual treeNum: 108971; Maximum Tree Node Num: 4001, Maximum record: 4294967295; 
avg height: 22, max height: 33

Record num: 400000000, Tree num: 100000, Batch size: 80, Skew type: 0, Read thread: 32, Initial thread: 16, Insert thread: 32, Traversal thread: 4, Version: 7
ETSort v7...
Initialization latency: 2209.917106 (ms)
Construction latency: 13000.635403 (ms)
Traversal latency: 12138.041377 (ms)
Actual treeNum: 108971; Maximum Tree Node Num: 4001, Maximum record: 4294967295; 
avg height: 22, max height: 33

Record num: 400000000, Tree num: 100000, Batch size: 80, Skew type: 0, Read thread: 32, Initial thread: 16, Insert thread: 32, Traversal thread: 4, Version: 7
ETSort v7...
Initialization latency: 2203.718853 (ms)
Construction latency: 13054.907414 (ms)
Traversal latency: 12048.179418 (ms)
Actual treeNum: 108971; Maximum Tree Node Num: 4001, Maximum record: 4294967295; 
avg height: 22, max height: 33

Record num: 400000000, Tree num: 100000, Batch size: 80, Skew type: 0, Read thread: 32, Initial thread: 16, Insert thread: 32, Traversal thread: 4, Version: 7
ETSort v7...
Initialization latency: 2183.843455 (ms)
Construction latency: 12940.098286 (ms)
Traversal latency: 12073.717549 (ms)
Actual treeNum: 108971; Maximum Tree Node Num: 4001, Maximum record: 4294967295; 
avg height: 22, max height: 32

Record num: 400000000, Tree num: 100000, Batch size: 80, Skew type: 0, Read thread: 32, Initial thread: 16, Insert thread: 32, Traversal thread: 4, Version: 7
ETSort v7...
Initialization latency: 2196.319995 (ms)
Construction latency: 12968.229854 (ms)
Traversal latency: 12060.554559 (ms)
Actual treeNum: 108971; Maximum Tree Node Num: 4001, Maximum record: 4294967295; 
avg height: 22, max height: 33

Record num: 400000000, Tree num: 100000, Batch size: 80, Skew type: 0, Read thread: 32, Initial thread: 16, Insert thread: 32, Traversal thread: 4, Version: 7
ETSort v7...
Initialization latency: 2170.946555 (ms)
Construction latency: 12907.526916 (ms)
Traversal latency: 12074.111210 (ms)
Actual treeNum: 108971; Maximum Tree Node Num: 4001, Maximum record: 4294967295; 
avg height: 22, max height: 33

Record num: 400000000, Tree num: 100000, Batch size: 250, Skew type: 0, Read thread: 32, Initial thread: 16, Insert thread: 32, Traversal thread: 4, Version: 7
ETSort v7...
Initialization latency: 2249.792828 (ms)
Construction latency: 9495.366373 (ms)
Traversal latency: 12397.720909 (ms)
Actual treeNum: 108971; Maximum Tree Node Num: 4001, Maximum record: 4294967295; 
avg height: 19, max height: 28

Record num: 400000000, Tree num: 100000, Batch size: 250, Skew type: 0, Read thread: 32, Initial thread: 16, Insert thread: 32, Traversal thread: 4, Version: 7
ETSort v7...
Initialization latency: 2228.346857 (ms)
Construction latency: 9465.369466 (ms)
Traversal latency: 12410.806006 (ms)
Actual treeNum: 108971; Maximum Tree Node Num: 4001, Maximum record: 4294967295; 
avg height: 19, max height: 28

Record num: 400000000, Tree num: 100000, Batch size: 250, Skew type: 0, Read thread: 32, Initial thread: 16, Insert thread: 32, Traversal thread: 4, Version: 7
ETSort v7...
Initialization latency: 2235.637199 (ms)
Construction latency: 9467.970751 (ms)
Traversal latency: 12398.707312 (ms)
Actual treeNum: 108971; Maximum Tree Node Num: 4001, Maximum record: 4294967295; 
avg height: 19, max height: 28

Record num: 400000000, Tree num: 100000, Batch size: 250, Skew type: 0, Read thread: 32, Initial thread: 16, Insert thread: 32, Traversal thread: 4, Version: 7
ETSort v7...
Initialization latency: 2265.050734 (ms)
Construction latency: 9554.560903 (ms)
Traversal latency: 12436.947447 (ms)
Actual treeNum: 108971; Maximum Tree Node Num: 4001, Maximum record: 4294967295; 
avg height: 19, max height: 28

Record num: 400000000, Tree num: 100000, Batch size: 250, Skew type: 0, Read thread: 32, Initial thread: 16, Insert thread: 32, Traversal thread: 4, Version: 7
ETSort v7...
Initialization latency: 2289.660998 (ms)
Construction latency: 9714.636446 (ms)
Traversal latency: 12448.132902 (ms)
Actual treeNum: 108971; Maximum Tree Node Num: 4001, Maximum record: 4294967295; 
avg height: 19, max height: 28

Record num: 400000000, Tree num: 100000, Batch size: 250, Skew type: 0, Read thread: 32, Initial thread: 16, Insert thread: 32, Traversal thread: 4, Version: 7
ETSort v7...
Initialization latency: 2239.139505 (ms)
Construction latency: 9477.288932 (ms)
Traversal latency: 12530.020153 (ms)
Actual treeNum: 108971; Maximum Tree Node Num: 4001, Maximum record: 4294967295; 
avg height: 19, max height: 28

Record num: 400000000, Tree num: 100000, Batch size: 250, Skew type: 0, Read thread: 32, Initial thread: 16, Insert thread: 32, Traversal thread: 4, Version: 7
ETSort v7...
Initialization latency: 2267.328536 (ms)
Construction latency: 9656.623740 (ms)
Traversal latency: 12441.657282 (ms)
Actual treeNum: 108971; Maximum Tree Node Num: 4001, Maximum record: 4294967295; 
avg height: 19, max height: 28

Record num: 400000000, Tree num: 100000, Batch size: 250, Skew type: 0, Read thread: 32, Initial thread: 16, Insert thread: 32, Traversal thread: 4, Version: 7
ETSort v7...
Initialization latency: 2251.613203 (ms)
Construction latency: 9523.280316 (ms)
Traversal latency: 12406.383074 (ms)
Actual treeNum: 108971; Maximum Tree Node Num: 4001, Maximum record: 4294967295; 
avg height: 19, max height: 28

Record num: 400000000, Tree num: 100000, Batch size: 250, Skew type: 0, Read thread: 32, Initial thread: 16, Insert thread: 32, Traversal thread: 4, Version: 7
ETSort v7...
Initialization latency: 2225.493755 (ms)
Construction latency: 9453.807589 (ms)
Traversal latency: 12367.465725 (ms)
Actual treeNum: 108971; Maximum Tree Node Num: 4001, Maximum record: 4294967295; 
avg height: 19, max height: 28

Record num: 400000000, Tree num: 100000, Batch size: 250, Skew type: 0, Read thread: 32, Initial thread: 16, Insert thread: 32, Traversal thread: 4, Version: 7
ETSort v7...
Initialization latency: 2255.877397 (ms)
Construction latency: 9432.293224 (ms)
Traversal latency: 12415.840181 (ms)
Actual treeNum: 108971; Maximum Tree Node Num: 4001, Maximum record: 4294967295; 
avg height: 19, max height: 27

Record num: 400000000, Tree num: 100000, Batch size: 500, Skew type: 0, Read thread: 32, Initial thread: 16, Insert thread: 32, Traversal thread: 4, Version: 7
ETSort v7...
Initialization latency: 2191.016911 (ms)
Construction latency: 8437.626762 (ms)
Traversal latency: 11528.282622 (ms)
Actual treeNum: 108971; Maximum Tree Node Num: 4001, Maximum record: 4294967295; 
avg height: 17, max height: 22

Record num: 400000000, Tree num: 100000, Batch size: 500, Skew type: 0, Read thread: 32, Initial thread: 16, Insert thread: 32, Traversal thread: 4, Version: 7
ETSort v7...
Initialization latency: 2167.759933 (ms)
Construction latency: 8439.886544 (ms)
Traversal latency: 11522.642520 (ms)
Actual treeNum: 108971; Maximum Tree Node Num: 4001, Maximum record: 4294967295; 
avg height: 17, max height: 22

Record num: 400000000, Tree num: 100000, Batch size: 500, Skew type: 0, Read thread: 32, Initial thread: 16, Insert thread: 32, Traversal thread: 4, Version: 7
ETSort v7...
Initialization latency: 2189.545013 (ms)
Construction latency: 8415.834690 (ms)
Traversal latency: 11544.844042 (ms)
Actual treeNum: 108971; Maximum Tree Node Num: 4001, Maximum record: 4294967295; 
avg height: 17, max height: 23

Record num: 400000000, Tree num: 100000, Batch size: 500, Skew type: 0, Read thread: 32, Initial thread: 16, Insert thread: 32, Traversal thread: 4, Version: 7
ETSort v7...
Initialization latency: 2203.448617 (ms)
Construction latency: 8487.015240 (ms)
Traversal latency: 11567.280870 (ms)
Actual treeNum: 108971; Maximum Tree Node Num: 4001, Maximum record: 4294967295; 
avg height: 17, max height: 21

Record num: 400000000, Tree num: 100000, Batch size: 500, Skew type: 0, Read thread: 32, Initial thread: 16, Insert thread: 32, Traversal thread: 4, Version: 7
ETSort v7...
Initialization latency: 2213.256458 (ms)
Construction latency: 8469.245449 (ms)
Traversal latency: 11537.118621 (ms)
Actual treeNum: 108971; Maximum Tree Node Num: 4001, Maximum record: 4294967295; 
avg height: 17, max height: 22

Record num: 400000000, Tree num: 100000, Batch size: 500, Skew type: 0, Read thread: 32, Initial thread: 16, Insert thread: 32, Traversal thread: 4, Version: 7
ETSort v7...
Initialization latency: 2194.214812 (ms)
Construction latency: 8495.931953 (ms)
Traversal latency: 11603.623357 (ms)
Actual treeNum: 108971; Maximum Tree Node Num: 4001, Maximum record: 4294967295; 
avg height: 17, max height: 23

Record num: 400000000, Tree num: 100000, Batch size: 500, Skew type: 0, Read thread: 32, Initial thread: 16, Insert thread: 32, Traversal thread: 4, Version: 7
ETSort v7...
Initialization latency: 2197.589530 (ms)
Construction latency: 8488.278358 (ms)
Traversal latency: 11661.273686 (ms)
Actual treeNum: 108971; Maximum Tree Node Num: 4001, Maximum record: 4294967295; 
avg height: 17, max height: 22

Record num: 400000000, Tree num: 100000, Batch size: 500, Skew type: 0, Read thread: 32, Initial thread: 16, Insert thread: 32, Traversal thread: 4, Version: 7
ETSort v7...
Initialization latency: 2201.430092 (ms)
Construction latency: 8463.811127 (ms)
Traversal latency: 11584.152915 (ms)
Actual treeNum: 108971; Maximum Tree Node Num: 4001, Maximum record: 4294967295; 
avg height: 17, max height: 22

Record num: 400000000, Tree num: 100000, Batch size: 500, Skew type: 0, Read thread: 32, Initial thread: 16, Insert thread: 32, Traversal thread: 4, Version: 7
ETSort v7...
Initialization latency: 2196.376804 (ms)
Construction latency: 8413.878730 (ms)
Traversal latency: 11529.290524 (ms)
Actual treeNum: 108971; Maximum Tree Node Num: 4001, Maximum record: 4294967295; 
avg height: 17, max height: 23

Record num: 400000000, Tree num: 100000, Batch size: 500, Skew type: 0, Read thread: 32, Initial thread: 16, Insert thread: 32, Traversal thread: 4, Version: 7
ETSort v7...
Initialization latency: 2189.745113 (ms)
Construction latency: 8423.783776 (ms)
Traversal latency: 11543.393679 (ms)
Actual treeNum: 108971; Maximum Tree Node Num: 4001, Maximum record: 4294967295; 
avg height: 17, max height: 22

Record num: 400000000, Tree num: 100000, Batch size: 1000, Skew type: 0, Read thread: 32, Initial thread: 16, Insert thread: 32, Traversal thread: 4, Version: 7
ETSort v7...
Initialization latency: 2207.720564 (ms)
Construction latency: 7362.025084 (ms)
Traversal latency: 11354.348816 (ms)
Actual treeNum: 108971; Maximum Tree Node Num: 4001, Maximum record: 4294967295; 
avg height: 15, max height: 18

Record num: 400000000, Tree num: 100000, Batch size: 1000, Skew type: 0, Read thread: 32, Initial thread: 16, Insert thread: 32, Traversal thread: 4, Version: 7
ETSort v7...
Initialization latency: 2187.056198 (ms)
Construction latency: 7353.607238 (ms)
Traversal latency: 11359.656507 (ms)
Actual treeNum: 108971; Maximum Tree Node Num: 4001, Maximum record: 4294967295; 
avg height: 15, max height: 18

Record num: 400000000, Tree num: 100000, Batch size: 1000, Skew type: 0, Read thread: 32, Initial thread: 16, Insert thread: 32, Traversal thread: 4, Version: 7
ETSort v7...
Initialization latency: 2177.183154 (ms)
Construction latency: 7328.385403 (ms)
Traversal latency: 11414.067006 (ms)
Actual treeNum: 108971; Maximum Tree Node Num: 4001, Maximum record: 4294967295; 
avg height: 15, max height: 18

Record num: 400000000, Tree num: 100000, Batch size: 1000, Skew type: 0, Read thread: 32, Initial thread: 16, Insert thread: 32, Traversal thread: 4, Version: 7
ETSort v7...
Initialization latency: 2182.676014 (ms)
Construction latency: 7345.527047 (ms)
Traversal latency: 11398.135303 (ms)
Actual treeNum: 108971; Maximum Tree Node Num: 4001, Maximum record: 4294967295; 
avg height: 15, max height: 18

Record num: 400000000, Tree num: 100000, Batch size: 1000, Skew type: 0, Read thread: 32, Initial thread: 16, Insert thread: 32, Traversal thread: 4, Version: 7
ETSort v7...
Initialization latency: 2175.003748 (ms)
Construction latency: 7317.175856 (ms)
Traversal latency: 11413.120183 (ms)
Actual treeNum: 108971; Maximum Tree Node Num: 4001, Maximum record: 4294967295; 
avg height: 15, max height: 18

Record num: 400000000, Tree num: 100000, Batch size: 1000, Skew type: 0, Read thread: 32, Initial thread: 16, Insert thread: 32, Traversal thread: 4, Version: 7
ETSort v7...
Initialization latency: 2189.516834 (ms)
Construction latency: 7329.109960 (ms)
Traversal latency: 11392.086971 (ms)
Actual treeNum: 108971; Maximum Tree Node Num: 4001, Maximum record: 4294967295; 
avg height: 15, max height: 18

Record num: 400000000, Tree num: 100000, Batch size: 1000, Skew type: 0, Read thread: 32, Initial thread: 16, Insert thread: 32, Traversal thread: 4, Version: 7
ETSort v7...
Initialization latency: 2194.367295 (ms)
Construction latency: 7428.318775 (ms)
Traversal latency: 11440.905512 (ms)
Actual treeNum: 108971; Maximum Tree Node Num: 4001, Maximum record: 4294967295; 
avg height: 15, max height: 18

Record num: 400000000, Tree num: 100000, Batch size: 1000, Skew type: 0, Read thread: 32, Initial thread: 16, Insert thread: 32, Traversal thread: 4, Version: 7
ETSort v7...
Initialization latency: 2189.097863 (ms)
Construction latency: 7377.916431 (ms)
Traversal latency: 11495.605287 (ms)
Actual treeNum: 108971; Maximum Tree Node Num: 4001, Maximum record: 4294967295; 
avg height: 15, max height: 18

Record num: 400000000, Tree num: 100000, Batch size: 1000, Skew type: 0, Read thread: 32, Initial thread: 16, Insert thread: 32, Traversal thread: 4, Version: 7
ETSort v7...
Initialization latency: 2194.542673 (ms)
Construction latency: 7370.362608 (ms)
Traversal latency: 11443.331718 (ms)
Actual treeNum: 108971; Maximum Tree Node Num: 4001, Maximum record: 4294967295; 
avg height: 15, max height: 18

Record num: 400000000, Tree num: 100000, Batch size: 1000, Skew type: 0, Read thread: 32, Initial thread: 16, Insert thread: 32, Traversal thread: 4, Version: 7
ETSort v7...
Initialization latency: 2192.654579 (ms)
Construction latency: 7353.371524 (ms)
Traversal latency: 11386.119661 (ms)
Actual treeNum: 108971; Maximum Tree Node Num: 4001, Maximum record: 4294967295; 
avg height: 15, max height: 18

