0.384648,READ,0.381887,400000000
1.900142,WRITE,0.497679,1600000000
2.371979,READ,0.378326,400000000
3.875636,WRITE,0.529718,1600000000
4.345164,READ,0.385753,400000000
5.801403,WRITE,0.494925,1600000000
6.268973,READ,0.378956,400000000
7.838701,WRITE,0.523465,1600000000
7.947317,READ,0.023098,300000000
7.966733,READ,0.019317,300000000
7.984398,READ,0.017490,300000000
8.002716,READ,0.018178,300000000
8.159036,READ,0.041478,399989760
8.288436,WRITE,0.129259,399989760
8.381296,READ,0.035708,399989760
8.504693,WRITE,0.123319,399989760
8.605104,READ,0.035178,399989760
8.728853,WRITE,0.123669,399989760
8.821526,READ,0.035467,399989760
8.945038,WRITE,0.123427,399989760
9.038130,READ,0.035514,399989760
9.164272,WRITE,0.125979,399989760
9.265114,READ,0.034820,399989760
9.392382,WRITE,0.127113,399989760
9.485118,READ,0.035351,399989760
9.608590,WRITE,0.123370,399989760
9.701529,READ,0.035723,399989760
9.824240,WRITE,0.122546,399989760
9.917165,READ,0.035982,399989760
10.046785,WRITE,0.129477,399989760
10.139818,READ,0.035643,399989760
10.266451,WRITE,0.126487,399989760
10.367560,READ,0.035205,399989760
10.494460,WRITE,0.126863,399989760
10.586986,READ,0.035531,399989760
10.715282,WRITE,0.128140,399989760
10.807810,READ,0.035304,399989760
10.934690,WRITE,0.126726,399989760
11.035289,READ,0.036034,399989760
11.160674,WRITE,0.125255,399989760
11.262709,READ,0.035621,399989760
11.389650,WRITE,0.126794,399989760
11.472729,READ,0.035552,399989760
11.598825,WRITE,0.125965,399989760
11.690609,READ,0.035421,399989760
11.819692,WRITE,0.128989,399989760
11.911919,READ,0.035350,399989760
12.035951,WRITE,0.123904,399989760
12.118789,READ,0.035420,399989760
12.242738,WRITE,0.123810,399989760
12.335614,READ,0.035443,399989760
12.463967,WRITE,0.128240,399989760
12.565911,READ,0.035829,399989760
12.692560,WRITE,0.126522,399989760
12.794178,READ,0.035655,399989760
12.921135,WRITE,0.126820,399989760
13.014286,READ,0.036009,399989760
13.141493,WRITE,0.127074,399989760
13.210280,READ,0.011841,300000000
13.222014,READ,0.011632,300000000
13.257614,READ,0.035191,399989760
13.382446,WRITE,0.124727,399989760
13.396372,READ,0.013252,300000000
13.408354,READ,0.011643,300000000
13.507983,READ,0.034639,399989760
13.634192,WRITE,0.126067,399989760
13.736964,READ,0.035564,399989760
13.863022,WRITE,0.125916,399989760
13.965614,READ,0.035644,399989760
14.094711,WRITE,0.128939,399989760
14.196295,READ,0.035566,399989760
14.320724,WRITE,0.124280,399989760
14.413312,READ,0.035397,399989760
14.542485,WRITE,0.128987,399989760
14.645374,READ,0.035913,399989760
14.772989,WRITE,0.127469,399989760
14.865714,READ,0.035791,399989760
14.993560,WRITE,0.127722,399989760
15.085605,READ,0.034935,399989760
15.213913,WRITE,0.128112,399989760
15.314445,READ,0.035567,399989760
15.437013,WRITE,0.122438,399989760
15.536629,READ,0.035398,399989760
15.660685,WRITE,0.123964,399989760
15.761418,READ,0.035589,399989760
15.886475,WRITE,0.124945,399989760
15.988639,READ,0.035506,399989760
16.113778,WRITE,0.124965,399989760
16.214734,READ,0.036820,399989760
16.339850,WRITE,0.124962,399989760
16.441120,READ,0.035725,399989760
16.569288,WRITE,0.128138,399989760
16.670568,READ,0.035554,399989760
16.796095,WRITE,0.125429,399989760
16.888675,READ,0.035509,399989760
17.012346,WRITE,0.123527,399989760
17.111810,READ,0.035112,399989760
17.234674,WRITE,0.122771,399989760
17.335717,READ,0.035586,399989760
17.458651,WRITE,0.122774,399989760
17.560234,READ,0.035774,399989760
17.683825,WRITE,0.123479,399989760
17.784279,READ,0.035631,399989760
17.908129,WRITE,0.123813,399989760
18.011436,READ,0.035649,399989760
18.135078,WRITE,0.123549,399989760
18.238194,READ,0.035334,399989760
18.368312,WRITE,0.129935,399989760
18.460874,READ,0.035303,399989760
18.589577,WRITE,0.128592,399989760
18.668751,READ,0.013351,300000000
18.680638,READ,0.011675,300000000
18.716041,READ,0.035135,399989760
18.840780,WRITE,0.124595,399989760
18.853754,READ,0.012860,300000000
18.867532,READ,0.011776,300000000
18.965398,READ,0.034938,399989760
19.093617,WRITE,0.128119,399989760
19.194454,READ,0.035351,399989760
19.320371,WRITE,0.125891,399989760
19.421526,READ,0.035634,399989760
19.550084,WRITE,0.128471,399989760
19.643557,READ,0.036342,399989760
19.768309,WRITE,0.124608,399989760
19.861388,READ,0.035705,399989760
19.990198,WRITE,0.128683,399989760
20.082186,READ,0.034826,399989760
20.211779,WRITE,0.129490,399989760
20.306613,READ,0.036830,399989760
20.436502,WRITE,0.129803,399989760
20.537831,READ,0.034837,399989760
20.662717,WRITE,0.124779,399989760
20.755475,READ,0.035698,399989760
20.881542,WRITE,0.126033,399989760
20.974640,READ,0.035888,399989760
21.100290,WRITE,0.125609,399989760
21.201776,READ,0.035740,399989760
21.328122,WRITE,0.126264,399989760
21.429920,READ,0.035775,399989760
21.556873,WRITE,0.126923,399989760
21.649359,READ,0.035565,399989760
21.775769,WRITE,0.126254,399989760
21.877733,READ,0.035874,399989760
22.001608,WRITE,0.123751,399989760
22.094747,READ,0.035594,399989760
22.218257,WRITE,0.123419,399989760
22.311375,READ,0.035761,399989760
22.434895,WRITE,0.123397,399989760
22.527795,READ,0.035526,399989760
22.655024,WRITE,0.127103,399989760
22.756542,READ,0.035642,399989760
22.879676,WRITE,0.123054,399989760
22.972621,READ,0.035632,399989760
23.095547,WRITE,0.122875,399989760
23.187623,READ,0.034785,399989760
23.309754,WRITE,0.121944,399989760
23.402236,READ,0.035762,399989760
23.525304,WRITE,0.122985,399989760
23.626349,READ,0.036114,399989760
23.754308,WRITE,0.127866,399989760
23.855841,READ,0.035595,399989760
23.979192,WRITE,0.123265,399989760
24.047650,READ,0.011567,300000000
24.059788,READ,0.011704,300000000
24.094832,READ,0.034589,399989760
24.221011,WRITE,0.126023,399989760
24.235499,READ,0.013515,300000000
24.248505,READ,0.011641,300000000
24.348507,READ,0.035318,399989760
24.470903,WRITE,0.122241,399989760
24.571785,READ,0.035018,399989760
24.693794,WRITE,0.121871,399989760
24.794201,READ,0.034429,399989760
24.919069,WRITE,0.124831,399989760
25.020214,READ,0.035708,399989760
25.145052,WRITE,0.124726,399989760
25.246153,READ,0.035809,399989760
25.375620,WRITE,0.129368,399989760
25.468409,READ,0.035958,399989760
25.593015,WRITE,0.124516,399989760
25.686135,READ,0.035780,399989760
25.812166,WRITE,0.125886,399989760
25.914429,READ,0.036716,399989760
26.040895,WRITE,0.126168,399989760
26.141777,READ,0.035544,399989760
26.268634,WRITE,0.126811,399989760
26.370353,READ,0.036184,399989760
26.497062,WRITE,0.126616,399989760
26.598282,READ,0.035757,399989760
26.726025,WRITE,0.127706,399989760
26.818174,READ,0.035325,399989760
26.945360,WRITE,0.127053,399989760
27.038862,READ,0.036205,399989760
27.166906,WRITE,0.127952,399989760
27.259936,READ,0.035769,399989760
27.391117,WRITE,0.131102,399989760
27.484105,READ,0.036090,399989760
27.611100,WRITE,0.126871,399989760
27.703662,READ,0.035351,399989760
27.831031,WRITE,0.127279,399989760
27.932503,READ,0.035677,399989760
28.060367,WRITE,0.127786,399989760
28.153617,READ,0.035999,399989760
28.285962,WRITE,0.132257,399989760
28.379462,READ,0.035833,399989760
28.507307,WRITE,0.127754,399989760
28.600330,READ,0.035758,399989760
28.728299,WRITE,0.127869,399989760
28.821367,READ,0.035863,399989760
28.948946,WRITE,0.127508,399989760
29.042169,READ,0.036094,399989760
29.170651,WRITE,0.128380,399989760
29.272178,READ,0.035995,399989760
29.400080,WRITE,0.127810,399989760
29.471093,READ,0.013816,300000000
29.506984,READ,0.035536,399989760
29.634797,WRITE,0.127698,399989760
29.649017,READ,0.014017,300000000
29.661682,READ,0.011817,300000000
29.673794,READ,0.011620,300000000
29.774758,READ,0.035782,399989760
29.907731,WRITE,0.132878,399989760
30.010150,READ,0.036218,399989760
30.137681,WRITE,0.127499,399989760
30.230643,READ,0.036013,399989760
30.362253,WRITE,0.131515,399989760
30.455360,READ,0.036084,399989760
30.584347,WRITE,0.128952,399989760
30.677699,READ,0.036100,399989760
30.808704,WRITE,0.130922,399989760
30.901566,READ,0.035757,399989760
31.031816,WRITE,0.130140,399989760
31.124244,READ,0.035255,399989760
31.254747,WRITE,0.130399,399989760
31.347653,READ,0.036025,399989760
31.474857,WRITE,0.127109,399989760
31.567501,READ,0.035597,399989760
31.698585,WRITE,0.130974,399989760
31.800699,READ,0.035788,399989760
31.927681,WRITE,0.126838,399989760
32.027331,READ,0.035763,399989760
32.153737,WRITE,0.126368,399989760
32.246897,READ,0.036043,399989760
32.376133,WRITE,0.129141,399989760
32.468520,READ,0.035359,399989760
32.593116,WRITE,0.124537,399989760
32.694312,READ,0.035804,399989760
32.819119,WRITE,0.124721,399989760
32.912417,READ,0.036165,399989760
33.045095,WRITE,0.132581,399989760
33.138013,READ,0.035789,399989760
33.262275,WRITE,0.124207,399989760
33.355344,READ,0.035777,399989760
33.480155,WRITE,0.124727,399989760
33.572504,READ,0.035334,399989760
33.697334,WRITE,0.124739,399989760
33.797994,READ,0.035957,399989760
33.923071,WRITE,0.124984,399989760
34.015529,READ,0.035807,399989760
34.141436,WRITE,0.125762,399989760
34.224509,READ,0.035721,399989760
34.349807,WRITE,0.125185,399989760
34.441600,READ,0.035693,399989760
34.569194,WRITE,0.127451,399989760
34.661956,READ,0.036131,399989760
34.788532,WRITE,0.126543,399989760
34.873618,READ,0.035569,399989760
35.005058,WRITE,0.131331,399989760
35.010510,READ,0.005325,100000000
35.015293,READ,0.004709,100000000
35.019820,READ,0.004428,100000000
35.024137,READ,0.003991,100000000
35.123285,READ,0.035213,399989760
35.248965,WRITE,0.125634,399989760
35.341793,READ,0.035814,399989760
35.467336,WRITE,0.125343,399989760
35.568528,READ,0.035327,399989760
35.698880,WRITE,0.130252,399989760
35.800603,READ,0.035825,399989760
35.931361,WRITE,0.130622,399989760
36.024119,READ,0.035936,399989760
36.150070,WRITE,0.125785,399989760
36.243077,READ,0.036129,399989760
36.369248,WRITE,0.126128,399989760
36.461402,READ,0.034914,399989760
36.591993,WRITE,0.130493,399989760
36.685109,READ,0.036065,399989760
36.811741,WRITE,0.126535,399989760
36.812360,READ,0.000325,399989760
36.812785,WRITE,0.000412,1310720