Record num: 400000000, Tree num: 100000, Batch size: 500, Skew type: 0, Read thread: 32, Initial thread: 16, Insert thread: 32, Traversal thread: 4, Version: 109
IPS4o in place ... 
Sorting latency: 85997.780881 (ms)
Elements are sorted: true
 -- The first element is: 3
 -- The last element is: 4294967288

Record num: 400000000, Tree num: 100000, Batch size: 500, Skew type: 0, Read thread: 32, Initial thread: 16, Insert thread: 32, Traversal thread: 4, Version: 109
IPS4o in place ... 
Sorting latency: 85455.048405 (ms)
Elements are sorted: true
 -- The first element is: 3
 -- The last element is: 4294967288

Record num: 400000000, Tree num: 100000, Batch size: 500, Skew type: 0, Read thread: 32, Initial thread: 16, Insert thread: 32, Traversal thread: 4, Version: 109
IPS4o in place ... 
Sorting latency: 85407.167536 (ms)
Elements are sorted: true
 -- The first element is: 3
 -- The last element is: 4294967288

Record num: 400000000, Tree num: 100000, Batch size: 500, Skew type: 0, Read thread: 32, Initial thread: 16, Insert thread: 32, Traversal thread: 4, Version: 109
IPS4o in place ... 
Sorting latency: 85928.208420 (ms)
Elements are sorted: true
 -- The first element is: 3
 -- The last element is: 4294967288

Record num: 400000000, Tree num: 100000, Batch size: 500, Skew type: 0, Read thread: 32, Initial thread: 16, Insert thread: 32, Traversal thread: 4, Version: 109
IPS4o in place ... 
Sorting latency: 86199.575258 (ms)
Elements are sorted: true
 -- The first element is: 3
 -- The last element is: 4294967288

Record num: 400000000, Tree num: 100000, Batch size: 500, Skew type: 0, Read thread: 32, Initial thread: 16, Insert thread: 32, Traversal thread: 4, Version: 109
IPS4o in place ... 
Sorting latency: 85693.121295 (ms)
Elements are sorted: true
 -- The first element is: 3
 -- The last element is: 4294967288

Record num: 400000000, Tree num: 100000, Batch size: 500, Skew type: 0, Read thread: 32, Initial thread: 16, Insert thread: 32, Traversal thread: 4, Version: 109
IPS4o in place ... 
Sorting latency: 86137.970119 (ms)
Elements are sorted: true
 -- The first element is: 3
 -- The last element is: 4294967288

Record num: 400000000, Tree num: 100000, Batch size: 500, Skew type: 0, Read thread: 32, Initial thread: 16, Insert thread: 32, Traversal thread: 4, Version: 109
IPS4o in place ... 
Sorting latency: 86578.693744 (ms)
Elements are sorted: true
 -- The first element is: 3
 -- The last element is: 4294967288

Record num: 400000000, Tree num: 100000, Batch size: 500, Skew type: 0, Read thread: 32, Initial thread: 16, Insert thread: 32, Traversal thread: 4, Version: 109
IPS4o in place ... 
Sorting latency: 86100.655168 (ms)
Elements are sorted: true
 -- The first element is: 3
 -- The last element is: 4294967288

Record num: 400000000, Tree num: 100000, Batch size: 500, Skew type: 0, Read thread: 32, Initial thread: 16, Insert thread: 32, Traversal thread: 4, Version: 109
IPS4o in place ... 
Sorting latency: 85639.937625 (ms)
Elements are sorted: true
 -- The first element is: 3
 -- The last element is: 4294967288

