Record num: 400000000, Tree num: 100000, Batch size: 500, Skew type: 0, Read thread: 32, Initial thread: 16, Insert thread: 32, Traversal thread: 4, Version: 104
IPS4o kp_kv ... 
Sorting latency: 12770.650681 (ms)
Reading latency: 11510.624745 (ms)
Elements are sorted: true
 -- The first element is: 3
 -- The last element is: 4294967288

Record num: 400000000, Tree num: 100000, Batch size: 500, Skew type: 0, Read thread: 32, Initial thread: 16, Insert thread: 32, Traversal thread: 4, Version: 104
IPS4o kp_kv ... 
Sorting latency: 12783.681793 (ms)
Reading latency: 11514.783300 (ms)
Elements are sorted: true
 -- The first element is: 3
 -- The last element is: 4294967288

Record num: 400000000, Tree num: 100000, Batch size: 500, Skew type: 0, Read thread: 32, Initial thread: 16, Insert thread: 32, Traversal thread: 4, Version: 104
IPS4o kp_kv ... 
Sorting latency: 12834.890052 (ms)
Reading latency: 11622.639335 (ms)
Elements are sorted: true
 -- The first element is: 3
 -- The last element is: 4294967288

Record num: 400000000, Tree num: 100000, Batch size: 500, Skew type: 0, Read thread: 32, Initial thread: 16, Insert thread: 32, Traversal thread: 4, Version: 104
IPS4o kp_kv ... 
Sorting latency: 12852.342884 (ms)
Reading latency: 11543.245754 (ms)
Elements are sorted: true
 -- The first element is: 3
 -- The last element is: 4294967288

Record num: 400000000, Tree num: 100000, Batch size: 500, Skew type: 0, Read thread: 32, Initial thread: 16, Insert thread: 32, Traversal thread: 4, Version: 104
IPS4o kp_kv ... 
Sorting latency: 12793.708952 (ms)
Reading latency: 11573.710999 (ms)
Elements are sorted: true
 -- The first element is: 3
 -- The last element is: 4294967288

Record num: 400000000, Tree num: 100000, Batch size: 500, Skew type: 0, Read thread: 32, Initial thread: 16, Insert thread: 32, Traversal thread: 4, Version: 104
IPS4o kp_kv ... 
Sorting latency: 12741.041170 (ms)
Reading latency: 11502.895668 (ms)
Elements are sorted: true
 -- The first element is: 3
 -- The last element is: 4294967288

Record num: 400000000, Tree num: 100000, Batch size: 500, Skew type: 0, Read thread: 32, Initial thread: 16, Insert thread: 32, Traversal thread: 4, Version: 104
IPS4o kp_kv ... 
Sorting latency: 12629.437609 (ms)
Reading latency: 11468.145341 (ms)
Elements are sorted: true
 -- The first element is: 3
 -- The last element is: 4294967288

Record num: 400000000, Tree num: 100000, Batch size: 500, Skew type: 0, Read thread: 32, Initial thread: 16, Insert thread: 32, Traversal thread: 4, Version: 104
IPS4o kp_kv ... 
Sorting latency: 12754.492435 (ms)
Reading latency: 11471.253932 (ms)
Elements are sorted: true
 -- The first element is: 3
 -- The last element is: 4294967288

Record num: 400000000, Tree num: 100000, Batch size: 500, Skew type: 0, Read thread: 32, Initial thread: 16, Insert thread: 32, Traversal thread: 4, Version: 104
IPS4o kp_kv ... 
Sorting latency: 13065.420584 (ms)
Reading latency: 11570.799742 (ms)
Elements are sorted: true
 -- The first element is: 3
 -- The last element is: 4294967288

Record num: 400000000, Tree num: 100000, Batch size: 500, Skew type: 0, Read thread: 32, Initial thread: 16, Insert thread: 32, Traversal thread: 4, Version: 104
IPS4o kp_kv ... 
Sorting latency: 12809.162569 (ms)
Reading latency: 11558.732885 (ms)
Elements are sorted: true
 -- The first element is: 3
 -- The last element is: 4294967288

