Record num: 400000000, Tree num: 100000, Batch size: 80, Skew type: 2, Read thread: 32, Initial thread: 16, Insert thread: 32, Traversal thread: 4, Version: 7
ETSort v7...
Initialization latency: 2127.650069 (ms)
Construction latency: 4364.578707 (ms)
Traversal latency: 11254.552148 (ms)
Actual treeNum: 108971; Maximum Tree Node Num: 4001, Maximum record: 4294967295; 
avg height: 107, max height: 118

Record num: 400000000, Tree num: 100000, Batch size: 80, Skew type: 2, Read thread: 32, Initial thread: 16, Insert thread: 32, Traversal thread: 4, Version: 7
ETSort v7...
Initialization latency: 2213.423208 (ms)
Construction latency: 4453.736160 (ms)
Traversal latency: 11174.228418 (ms)
Actual treeNum: 108971; Maximum Tree Node Num: 4001, Maximum record: 4294967295; 
avg height: 107, max height: 118

Record num: 400000000, Tree num: 100000, Batch size: 80, Skew type: 2, Read thread: 32, Initial thread: 16, Insert thread: 32, Traversal thread: 4, Version: 7
ETSort v7...
Initialization latency: 2183.141404 (ms)
Construction latency: 4438.445877 (ms)
Traversal latency: 11136.590088 (ms)
Actual treeNum: 108971; Maximum Tree Node Num: 4001, Maximum record: 4294967295; 
avg height: 107, max height: 118

Record num: 400000000, Tree num: 100000, Batch size: 80, Skew type: 2, Read thread: 32, Initial thread: 16, Insert thread: 32, Traversal thread: 4, Version: 7
ETSort v7...
Initialization latency: 2178.344019 (ms)
Construction latency: 4412.900797 (ms)
Traversal latency: 11119.450637 (ms)
Actual treeNum: 108971; Maximum Tree Node Num: 4001, Maximum record: 4294967295; 
avg height: 107, max height: 118

Record num: 400000000, Tree num: 100000, Batch size: 80, Skew type: 2, Read thread: 32, Initial thread: 16, Insert thread: 32, Traversal thread: 4, Version: 7
ETSort v7...
Initialization latency: 2251.312071 (ms)
Construction latency: 4425.409983 (ms)
Traversal latency: 11124.891783 (ms)
Actual treeNum: 108971; Maximum Tree Node Num: 4001, Maximum record: 4294967295; 
avg height: 107, max height: 118

Record num: 400000000, Tree num: 100000, Batch size: 80, Skew type: 2, Read thread: 32, Initial thread: 16, Insert thread: 32, Traversal thread: 4, Version: 7
ETSort v7...
Initialization latency: 2242.950740 (ms)
Construction latency: 4421.456849 (ms)
Traversal latency: 11095.836528 (ms)
Actual treeNum: 108971; Maximum Tree Node Num: 4001, Maximum record: 4294967295; 
avg height: 107, max height: 118

Record num: 400000000, Tree num: 100000, Batch size: 80, Skew type: 2, Read thread: 32, Initial thread: 16, Insert thread: 32, Traversal thread: 4, Version: 7
ETSort v7...
Initialization latency: 2219.124137 (ms)
Construction latency: 4425.819134 (ms)
Traversal latency: 10701.460881 (ms)
Actual treeNum: 108971; Maximum Tree Node Num: 4001, Maximum record: 4294967295; 
avg height: 107, max height: 118

Record num: 400000000, Tree num: 100000, Batch size: 80, Skew type: 2, Read thread: 32, Initial thread: 16, Insert thread: 32, Traversal thread: 4, Version: 7
ETSort v7...
Initialization latency: 2401.777925 (ms)
Construction latency: 4442.782915 (ms)
Traversal latency: 10774.442158 (ms)
Actual treeNum: 108971; Maximum Tree Node Num: 4001, Maximum record: 4294967295; 
avg height: 107, max height: 118

Record num: 400000000, Tree num: 100000, Batch size: 80, Skew type: 2, Read thread: 32, Initial thread: 16, Insert thread: 32, Traversal thread: 4, Version: 7
ETSort v7...
Initialization latency: 2216.725297 (ms)
Construction latency: 4528.982503 (ms)
Traversal latency: 10983.559133 (ms)
Actual treeNum: 108971; Maximum Tree Node Num: 4001, Maximum record: 4294967295; 
avg height: 107, max height: 118

Record num: 400000000, Tree num: 100000, Batch size: 80, Skew type: 2, Read thread: 32, Initial thread: 16, Insert thread: 32, Traversal thread: 4, Version: 7
ETSort v7...
Initialization latency: 2255.243359 (ms)
Construction latency: 4455.977016 (ms)
Traversal latency: 11241.962687 (ms)
Actual treeNum: 108971; Maximum Tree Node Num: 4001, Maximum record: 4294967295; 
avg height: 107, max height: 118

Record num: 400000000, Tree num: 100000, Batch size: 500, Skew type: 2, Read thread: 32, Initial thread: 16, Insert thread: 32, Traversal thread: 4, Version: 7
ETSort v7...
Initialization latency: 2157.738858 (ms)
Construction latency: 4538.667473 (ms)
Traversal latency: 10289.577972 (ms)
Actual treeNum: 108971; Maximum Tree Node Num: 4001, Maximum record: 4294967295; 
avg height: 27, max height: 37

Record num: 400000000, Tree num: 100000, Batch size: 500, Skew type: 2, Read thread: 32, Initial thread: 16, Insert thread: 32, Traversal thread: 4, Version: 7
ETSort v7...
Initialization latency: 2085.310189 (ms)
Construction latency: 4481.026255 (ms)
Traversal latency: 10351.998125 (ms)
Actual treeNum: 108971; Maximum Tree Node Num: 4001, Maximum record: 4294967295; 
avg height: 27, max height: 37

Record num: 400000000, Tree num: 100000, Batch size: 500, Skew type: 2, Read thread: 32, Initial thread: 16, Insert thread: 32, Traversal thread: 4, Version: 7
ETSort v7...
Initialization latency: 2116.781982 (ms)
Construction latency: 4473.542819 (ms)
Traversal latency: 10234.744875 (ms)
Actual treeNum: 108971; Maximum Tree Node Num: 4001, Maximum record: 4294967295; 
avg height: 27, max height: 37

Record num: 400000000, Tree num: 100000, Batch size: 500, Skew type: 2, Read thread: 32, Initial thread: 16, Insert thread: 32, Traversal thread: 4, Version: 7
ETSort v7...
Initialization latency: 2112.244046 (ms)
Construction latency: 4467.031680 (ms)
Traversal latency: 10231.272762 (ms)
Actual treeNum: 108971; Maximum Tree Node Num: 4001, Maximum record: 4294967295; 
avg height: 27, max height: 37

Record num: 400000000, Tree num: 100000, Batch size: 500, Skew type: 2, Read thread: 32, Initial thread: 16, Insert thread: 32, Traversal thread: 4, Version: 7
ETSort v7...
Initialization latency: 2115.989696 (ms)
Construction latency: 4453.575672 (ms)
Traversal latency: 10154.093360 (ms)
Actual treeNum: 108971; Maximum Tree Node Num: 4001, Maximum record: 4294967295; 
avg height: 27, max height: 37

Record num: 400000000, Tree num: 100000, Batch size: 500, Skew type: 2, Read thread: 32, Initial thread: 16, Insert thread: 32, Traversal thread: 4, Version: 7
ETSort v7...
Initialization latency: 2113.980431 (ms)
Construction latency: 4451.213588 (ms)
Traversal latency: 10207.213889 (ms)
Actual treeNum: 108971; Maximum Tree Node Num: 4001, Maximum record: 4294967295; 
avg height: 27, max height: 37

Record num: 400000000, Tree num: 100000, Batch size: 500, Skew type: 2, Read thread: 32, Initial thread: 16, Insert thread: 32, Traversal thread: 4, Version: 7
ETSort v7...
Initialization latency: 2142.904777 (ms)
Construction latency: 4470.387047 (ms)
Traversal latency: 10161.096843 (ms)
Actual treeNum: 108971; Maximum Tree Node Num: 4001, Maximum record: 4294967295; 
avg height: 27, max height: 37

Record num: 400000000, Tree num: 100000, Batch size: 500, Skew type: 2, Read thread: 32, Initial thread: 16, Insert thread: 32, Traversal thread: 4, Version: 7
ETSort v7...
Initialization latency: 2111.068861 (ms)
Construction latency: 4446.790385 (ms)
Traversal latency: 10198.094718 (ms)
Actual treeNum: 108971; Maximum Tree Node Num: 4001, Maximum record: 4294967295; 
avg height: 27, max height: 37

Record num: 400000000, Tree num: 100000, Batch size: 500, Skew type: 2, Read thread: 32, Initial thread: 16, Insert thread: 32, Traversal thread: 4, Version: 7
ETSort v7...
Initialization latency: 2088.360916 (ms)
Construction latency: 4463.775701 (ms)
Traversal latency: 10329.700604 (ms)
Actual treeNum: 108971; Maximum Tree Node Num: 4001, Maximum record: 4294967295; 
avg height: 27, max height: 37

Record num: 400000000, Tree num: 100000, Batch size: 500, Skew type: 2, Read thread: 32, Initial thread: 16, Insert thread: 32, Traversal thread: 4, Version: 7
ETSort v7...
Initialization latency: 2110.145184 (ms)
Construction latency: 4504.856348 (ms)
Traversal latency: 10219.018971 (ms)
Actual treeNum: 108971; Maximum Tree Node Num: 4001, Maximum record: 4294967295; 
avg height: 27, max height: 37

